        -:    0:Source:tmp.c
        -:    0:Graph:tmp.gcno
        -:    0:Data:tmp.gcda
        -:    0:Runs:1
        -:    1:#include <stdio.h>
        -:    2:
        1:    3:int main (){
        -:    4:    int i, total;
        1:    5:    total = 0;
       11:    6:    for (i = 0; i < 10; i++)
       10:    7:        total += i;
        1:    8:    if (total != 45)
    #####:    9:        printf ("Failure\n");
        1:   10:    else printf ("Success\n");
        1:   11:    return 0;
        -:   12:}
